<?xml version="1.0" encoding="UTF-8"?>
<testsuite xmlns:xsi="http://www.w3.org/2001/XMLSchema-instance" xsi:noNamespaceSchemaLocation="https://maven.apache.org/surefire/maven-surefire-plugin/xsd/surefire-test-report.xsd" name="com.Server.QuestionServerTest" time="0.15" tests="4" errors="0" skipped="0" failures="0">
  <properties>
[...]
</properties>
  <testcase name="updateQuestionItem" classname="com.Server.QuestionServerTest" time="0.03"/>
  <testcase name="postToQuestionTable" classname="com.Server.QuestionServerTest" time="0.059"/>
  <testcase name="getQuestionItemById" classname="com.Server.QuestionServerTest" time="0.026"/>
  <testcase name="getQuestionItems" classname="com.Server.QuestionServerTest" time="0.035"/>
</testsuite>