<?xml version="1.0" encoding="UTF-8"?>
<testsuite xmlns:xsi="http://www.w3.org/2001/XMLSchema-instance" xsi:noNamespaceSchemaLocation="https://maven.apache.org/surefire/maven-surefire-plugin/xsd/surefire-test-report.xsd" name="com.Server.CourseServerTest" time="0" tests="4" errors="0" skipped="0" failures="0">
  <properties>
[...]
</properties>
  <testcase name="get" classname="com.Server.CourseServerTest" time="0"/>
  <testcase name="showCourse" classname="com.Server.CourseServerTest" time="0"/>
  <testcase name="getCourse" classname="com.Server.CourseServerTest" time="0"/>
  <testcase name="postCourse" classname="com.Server.CourseServerTest" time="0"/>
</testsuite>